2020-08-07 16:21:53,704 INFO b.c.s.SouthsystemApplication [main] Starting SouthsystemApplication on ITB00074 with PID 19176 (C:\Users\guilherme.costa\Documents\NetBeansProjects\southsystem\target\classes started by guilherme.costa in C:\Users\guilherme.costa\Documents\NetBeansProjects\southsystem)
2020-08-07 16:21:53,704 INFO b.c.s.SouthsystemApplication [main] No active profile set, falling back to default profiles: default
2020-08-07 16:21:55,007 INFO o.a.c.h.Http11NioProtocol [main] Initializing ProtocolHandler ["http-nio-8080"]
2020-08-07 16:21:55,007 INFO o.a.c.c.StandardService [main] Starting service [Tomcat]
2020-08-07 16:21:55,007 INFO o.a.c.c.StandardEngine [main] Starting Servlet engine: [Apache Tomcat/9.0.37]
2020-08-07 16:21:55,092 INFO o.a.c.c.C.[.[.[/] [main] Initializing Spring embedded WebApplicationContext
2020-08-07 16:21:55,424 INFO o.s.s.c.ThreadPoolTaskExecutor [main] Initializing ExecutorService 'applicationTaskExecutor'
2020-08-07 16:21:55,555 INFO c.z.h.HikariDataSource [main] HikariPool-1 - Starting...
2020-08-07 16:21:55,872 INFO c.z.h.HikariDataSource [main] HikariPool-1 - Start completed.
2020-08-07 16:21:56,025 INFO o.s.b.c.r.s.JobRepositoryFactoryBean [main] No database type set, using meta data indicating: MYSQL
2020-08-07 16:21:56,057 INFO o.s.b.c.l.s.SimpleJobLauncher [main] No TaskExecutor has been set, defaulting to synchronous executor.
2020-08-07 16:21:56,110 INFO o.a.c.h.Http11NioProtocol [main] Starting ProtocolHandler ["http-nio-8080"]
2020-08-07 16:21:56,141 INFO b.c.s.SouthsystemApplication [main] Started SouthsystemApplication in 3.108 seconds (JVM running for 3.828)
2020-08-07 16:21:57,160 INFO o.s.b.c.l.s.SimpleJobLauncher [main] Job: [SimpleJob: [name=arquivoLarguraFixaJob]] launched with the following parameters: [{inputResources=file:src/main/resources/teste*, run.id=104, arquivoClientes=file:src/main/resources/teste.dat}]
2020-08-07 16:21:57,776 INFO o.s.b.c.j.SimpleStepHandler [main] Executing step: [leituraArquivoLarguraFixaStep]
2020-08-07 16:21:57,945 WARN o.s.b.i.f.MultiResourceItemReader [main] No resources to read. Set strict=true if this should be an error condition.
2020-08-07 16:21:58,357 INFO o.s.b.c.s.AbstractStep [main] Step: [leituraArquivoLarguraFixaStep] executed in 581ms
2020-08-07 16:21:58,688 INFO o.s.b.c.l.s.SimpleJobLauncher [main] Job: [SimpleJob: [name=arquivoLarguraFixaJob]] completed with the following parameters: [{inputResources=file:src/main/resources/teste*, run.id=104, arquivoClientes=file:src/main/resources/teste.dat}] and the following status: [COMPLETED] in 1s313ms
2020-08-07 16:21:58,974 INFO o.s.s.c.ThreadPoolTaskExecutor [main] Shutting down ExecutorService 'applicationTaskExecutor'
2020-08-07 16:21:58,974 INFO c.z.h.HikariDataSource [main] HikariPool-1 - Shutdown initiated...
2020-08-07 16:21:58,990 INFO c.z.h.HikariDataSource [main] HikariPool-1 - Shutdown completed.
2020-08-07 16:22:43,705 INFO b.c.s.SouthsystemApplication [main] Starting SouthsystemApplication on ITB00074 with PID 46752 (C:\Users\guilherme.costa\Documents\NetBeansProjects\southsystem\target\classes started by guilherme.costa in C:\Users\guilherme.costa\Documents\NetBeansProjects\southsystem)
2020-08-07 16:22:43,715 INFO b.c.s.SouthsystemApplication [main] No active profile set, falling back to default profiles: default
2020-08-07 16:22:44,938 INFO o.a.c.h.Http11NioProtocol [main] Initializing ProtocolHandler ["http-nio-8080"]
2020-08-07 16:22:44,938 INFO o.a.c.c.StandardService [main] Starting service [Tomcat]
2020-08-07 16:22:44,938 INFO o.a.c.c.StandardEngine [main] Starting Servlet engine: [Apache Tomcat/9.0.37]
2020-08-07 16:22:45,007 INFO o.a.c.c.C.[.[.[/] [main] Initializing Spring embedded WebApplicationContext
2020-08-07 16:22:45,354 INFO o.s.s.c.ThreadPoolTaskExecutor [main] Initializing ExecutorService 'applicationTaskExecutor'
2020-08-07 16:22:45,470 INFO c.z.h.HikariDataSource [main] HikariPool-1 - Starting...
2020-08-07 16:22:45,809 INFO c.z.h.HikariDataSource [main] HikariPool-1 - Start completed.
2020-08-07 16:22:53,537 INFO o.s.b.c.r.s.JobRepositoryFactoryBean [main] No database type set, using meta data indicating: MYSQL
2020-08-07 16:22:53,553 INFO o.s.b.c.l.s.SimpleJobLauncher [main] No TaskExecutor has been set, defaulting to synchronous executor.
2020-08-07 16:22:53,600 INFO o.a.c.h.Http11NioProtocol [main] Starting ProtocolHandler ["http-nio-8080"]
2020-08-07 16:22:53,622 INFO b.c.s.SouthsystemApplication [main] Started SouthsystemApplication in 10.684 seconds (JVM running for 11.355)
2020-08-07 16:22:54,138 INFO o.s.b.c.l.s.SimpleJobLauncher [main] Job: [SimpleJob: [name=arquivoLarguraFixaJob]] launched with the following parameters: [{run.id=1}]
2020-08-07 16:22:54,956 INFO o.s.b.c.j.SimpleStepHandler [main] Executing step: [leituraArquivoLarguraFixaStep]
2020-08-07 16:22:55,141 WARN o.s.b.i.f.MultiResourceItemReader [main] No resources to read. Set strict=true if this should be an error condition.
2020-08-07 16:22:55,372 INFO o.s.b.c.s.AbstractStep [main] Step: [leituraArquivoLarguraFixaStep] executed in 416ms
2020-08-07 16:22:55,573 INFO o.s.b.c.l.s.SimpleJobLauncher [main] Job: [SimpleJob: [name=arquivoLarguraFixaJob]] completed with the following parameters: [{run.id=1}] and the following status: [COMPLETED] in 1s304ms
2020-08-07 16:22:55,881 INFO o.s.s.c.ThreadPoolTaskExecutor [main] Shutting down ExecutorService 'applicationTaskExecutor'
2020-08-07 16:22:55,881 INFO c.z.h.HikariDataSource [main] HikariPool-1 - Shutdown initiated...
2020-08-07 16:22:55,896 INFO c.z.h.HikariDataSource [main] HikariPool-1 - Shutdown completed.
